  Init.c
C:\Users\徐绍乾\Desktop\21250230-高传博-源程序\Typedef.h(1,1): warning C4828: 文件包含在偏移 0x1224 处开始的字符，该字符在当前源字符集中无效(代码页 936)。
  (编译源文件“Init.c”)
  
C:\Users\徐绍乾\Desktop\21250230-高传博-源程序\Typedef.h(1,1): warning C4819: 该文件包含不能在当前代码页(936)中表示的字符。请将该文件保存为 Unicode 格式以防止数据丢失
  (编译源文件“Init.c”)
  
  LoginRegister.c
C:\Users\徐绍乾\Desktop\21250230-高传博-源程序\Typedef.h(1,1): warning C4828: 文件包含在偏移 0x1224 处开始的字符，该字符在当前源字符集中无效(代码页 936)。
  (编译源文件“LoginRegister.c”)
  
C:\Users\徐绍乾\Desktop\21250230-高传博-源程序\Typedef.h(1,1): warning C4819: 该文件包含不能在当前代码页(936)中表示的字符。请将该文件保存为 Unicode 格式以防止数据丢失
  (编译源文件“LoginRegister.c”)
  
  main.c
C:\Users\徐绍乾\Desktop\21250230-高传博-源程序\Typedef.h(1,1): warning C4828: 文件包含在偏移 0x1224 处开始的字符，该字符在当前源字符集中无效(代码页 936)。
  (编译源文件“main.c”)
  
C:\Users\徐绍乾\Desktop\21250230-高传博-源程序\Typedef.h(1,1): warning C4819: 该文件包含不能在当前代码页(936)中表示的字符。请将该文件保存为 Unicode 格式以防止数据丢失
  (编译源文件“main.c”)
  
  Menu.c
C:\Users\徐绍乾\Desktop\21250230-高传博-源程序\Typedef.h(1,1): warning C4828: 文件包含在偏移 0x1224 处开始的字符，该字符在当前源字符集中无效(代码页 936)。
  (编译源文件“Menu.c”)
  
C:\Users\徐绍乾\Desktop\21250230-高传博-源程序\Typedef.h(1,1): warning C4819: 该文件包含不能在当前代码页(936)中表示的字符。请将该文件保存为 Unicode 格式以防止数据丢失
  (编译源文件“Menu.c”)
  
  Tool.c
C:\Users\徐绍乾\Desktop\21250230-高传博-源程序\Typedef.h(1,1): warning C4828: 文件包含在偏移 0x1224 处开始的字符，该字符在当前源字符集中无效(代码页 936)。
  (编译源文件“Tool.c”)
  
C:\Users\徐绍乾\Desktop\21250230-高传博-源程序\Typedef.h(1,1): warning C4819: 该文件包含不能在当前代码页(936)中表示的字符。请将该文件保存为 Unicode 格式以防止数据丢失
  (编译源文件“Tool.c”)
  
  正在生成代码...
  Project4.vcxproj -> C:\Users\徐绍乾\Desktop\21250230-高传博-源程序\x64\Debug\Project4.exe
