  Init.c
C:\Users\a\Desktop\Project4--223\Init.c(90,34): warning C4244: “初始化”: 从“time_t”转换到“int”，可能丢失数据
C:\Users\a\Desktop\Project4--223\Init.c(365,21): warning C4473: “fprintf”: 没有为格式字符串传递足够的参数
      C:\Users\a\Desktop\Project4--223\Init.c(365,21):
      占位符和其参数预计 20 可变参数，但提供的却是 19 参数
      C:\Users\a\Desktop\Project4--223\Init.c(365,21):
      缺失的可变参数 20 为格式字符串“%d”所需
  
C:\Users\a\Desktop\Project4--223\Init.c(472,25): warning C4477: “fscanf_s”: 格式字符串“%c”需要类型“unsigned int”的参数，但可变参数 6 拥有了类型“int *”
      C:\Users\a\Desktop\Project4--223\Init.c(472,25):
      此参数用作缓冲区大小
  
C:\Users\a\Desktop\Project4--223\Init.c(472,25): warning C4477: “fscanf_s”: 格式字符串“%d”需要类型“int *”的参数，但可变参数 14 拥有了类型“char *”
      C:\Users\a\Desktop\Project4--223\Init.c(472,25):
      请考虑在格式字符串中使用“%hhd”
  
C:\Users\a\Desktop\Project4--223\Init.c(480,19): warning C4474: fscanf_s: 格式字符串中传递的参数太多
      C:\Users\a\Desktop\Project4--223\Init.c(480,19):
      占位符和其参数预计 14 可变参数，但提供的却是 15 参数
  
C:\Users\a\Desktop\Project4--223\Init.c(555,9): warning C4474: fscanf_s: 格式字符串中传递的参数太多
      C:\Users\a\Desktop\Project4--223\Init.c(555,9):
      占位符和其参数预计 21 可变参数，但提供的却是 22 参数
  
  Project4.vcxproj -> C:\Users\a\Desktop\Project4--223\x64\Debug\Project4.exe
